[23-Feb-2023 13:15:12] NOTICE: fpm is running, pid 87637
[23-Feb-2023 13:15:12] NOTICE: ready to handle connections
[23-Feb-2023 13:40:15] NOTICE: Terminating ...
[23-Feb-2023 13:40:15] NOTICE: Terminating ...
[23-Feb-2023 13:40:15] NOTICE: exiting, bye-bye!
[28-Feb-2023 10:04:12] NOTICE: fpm is running, pid 74393
[28-Feb-2023 10:04:12] NOTICE: ready to handle connections
[28-Feb-2023 15:01:45] NOTICE: Terminating ...
[28-Feb-2023 15:01:45] NOTICE: Terminating ...
[28-Feb-2023 15:01:45] NOTICE: exiting, bye-bye!
[13-Mar-2023 11:00:37] NOTICE: fpm is running, pid 46629
[13-Mar-2023 11:00:37] NOTICE: ready to handle connections
[13-Mar-2023 15:19:33] NOTICE: Terminating ...
[13-Mar-2023 15:19:33] NOTICE: Terminating ...
[13-Mar-2023 15:19:33] NOTICE: exiting, bye-bye!
[14-Mar-2023 09:59:59] NOTICE: fpm is running, pid 81040
[14-Mar-2023 09:59:59] NOTICE: ready to handle connections
[14-Mar-2023 13:19:45] NOTICE: Terminating ...
[14-Mar-2023 13:19:45] NOTICE: Terminating ...
[14-Mar-2023 13:19:45] NOTICE: exiting, bye-bye!
[14-Mar-2023 15:00:17] NOTICE: fpm is running, pid 93786
[14-Mar-2023 15:00:17] NOTICE: ready to handle connections
[15-Mar-2023 10:18:58] NOTICE: Terminating ...
[15-Mar-2023 10:18:58] NOTICE: Terminating ...
[15-Mar-2023 10:18:58] NOTICE: exiting, bye-bye!
[21-Mar-2023 14:04:12] NOTICE: fpm is running, pid 41687
[21-Mar-2023 14:04:12] NOTICE: ready to handle connections
[21-Mar-2023 15:26:45] NOTICE: Terminating ...
[21-Mar-2023 15:26:45] NOTICE: Terminating ...
[21-Mar-2023 15:26:45] NOTICE: exiting, bye-bye!
